<?xml version="1.0" encoding="UTF-8"?>
<testng-results ignored="0" total="1" passed="1" failed="0" skipped="0">
  <reporter-output>
  </reporter-output>
  <suite started-at="2023-06-05T12:21:27 IST" name="Surefire suite" finished-at="2023-06-05T12:21:30 IST" duration-ms="3131">
    <groups>
    </groups>
    <test started-at="2023-06-05T12:21:27 IST" name="Surefire test" finished-at="2023-06-05T12:21:30 IST" duration-ms="3131">
      <class name="Rest.Ripple.org.Test01_GEt">
        <test-method signature="Test01()[pri:0, instance:Rest.Ripple.org.Test01_GEt@65b3f4a4]" started-at="2023-06-05T12:21:27 IST" name="Test01" finished-at="2023-06-05T12:21:30 IST" duration-ms="3080" status="PASS">
          <reporter-output>
          </reporter-output>
        </test-method> <!-- Test01 -->
      </class> <!-- Rest.Ripple.org.Test01_GEt -->
    </test> <!-- Surefire test -->
  </suite> <!-- Surefire suite -->
</testng-results>
