<?xml version="1.0" encoding="UTF-8"?>
<!-- Generated by org.testng.reporters.JUnitXMLReporter -->
<testsuite ignored="0" hostname="LAPTOP-MC4R20CB" failures="0" tests="4" name="Default test" time="9.522" errors="0" timestamp="2023-07-06T15:14:27 IST">
  <testcase classname="com.ripplestreet.AllPutApis.CreativeControllerPutApi" name="ReOrganizeHeroPlayListItems" time="3.573"/>
  <testcase classname="com.ripplestreet.AllPutApis.CreativeControllerPutApi" name="UpdateHeroPlayListItems" time="1.655"/>
  <testcase classname="com.ripplestreet.AllPutApis.CreativeControllerPutApi" name="reOrganizeFavors" time="1.474"/>
  <testcase classname="com.ripplestreet.AllPutApis.CreativeControllerPutApi" name="updateFavors" time="1.606"/>
</testsuite> <!-- Default test -->
