<?xml version="1.0" encoding="UTF-8"?>
<!-- Generated by org.testng.reporters.JUnitXMLReporter -->
<testsuite ignored="2" hostname="LAPTOP-MC4R20CB" failures="0" tests="1" name="Default test" time="3.183" errors="0" timestamp="2023-07-06T11:19:59 IST">
  <testcase classname="com.ripplestreet.AllPutApis.NotificationControllerPutApi" name="resetNotificationStatus" time="2.604"/>
  <testcase classname="com.ripplestreet.AllPutApis.NotificationControllerPutApi" name="resetNotificationReceopentId" time="0.0">
    <ignored/>
  </testcase> <!-- resetNotificationReceopentId -->
  <testcase classname="com.ripplestreet.AllPutApis.NotificationControllerPutApi" name="deleteFileUploadByCampaignId" time="0.0">
    <ignored/>
  </testcase> <!-- deleteFileUploadByCampaignId -->
</testsuite> <!-- Default test -->
