<?xml version="1.0" encoding="UTF-8"?>
<!-- Generated by org.testng.reporters.JUnitXMLReporter -->
<testsuite ignored="0" hostname="LAPTOP-MC4R20CB" failures="0" tests="3" name="Default test" time="7.585" errors="0" timestamp="2023-07-07T14:31:44 IST">
  <testcase classname="com.ripplestreet.AllPutApis.EventDetailControllerPutApi" name="UpdateEventTarget" time="3.311"/>
  <testcase classname="com.ripplestreet.AllPutApis.EventDetailControllerPutApi" name="addEventBasicDetail" time="1.671"/>
  <testcase classname="com.ripplestreet.AllPutApis.EventDetailControllerPutApi" name="updateeventEventMileStones" time="1.586"/>
</testsuite> <!-- Default test -->
