<?xml version="1.0" encoding="UTF-8"?>
<testng-results ignored="2" total="3" passed="1" failed="0" skipped="0">
  <reporter-output>
  </reporter-output>
  <suite started-at="2023-07-06T11:19:56 IST" name="Default suite" finished-at="2023-07-06T11:19:59 IST" duration-ms="3183">
    <groups>
    </groups>
    <test started-at="2023-07-06T11:19:56 IST" name="Default test" finished-at="2023-07-06T11:19:59 IST" duration-ms="3183">
      <class name="com.ripplestreet.AllPutApis.NotificationControllerPutApi">
        <test-method is-config="true" signature="BaseURI()[pri:0, instance:com.ripplestreet.AllPutApis.NotificationControllerPutApi@183ec003]" started-at="2023-07-06T11:19:56 IST" name="BaseURI" finished-at="2023-07-06T11:19:56 IST" duration-ms="294" status="PASS">
          <reporter-output>
          </reporter-output>
        </test-method> <!-- BaseURI -->
        <test-method signature="resetNotificationStatus()[pri:0, instance:com.ripplestreet.AllPutApis.NotificationControllerPutApi@183ec003]" started-at="2023-07-06T11:19:56 IST" name="resetNotificationStatus" finished-at="2023-07-06T11:19:59 IST" duration-ms="2604" status="PASS">
          <reporter-output>
          </reporter-output>
        </test-method> <!-- resetNotificationStatus -->
        <test-method is-config="true" signature="StatusCode()[pri:0, instance:com.ripplestreet.AllPutApis.NotificationControllerPutApi@183ec003]" started-at="2023-07-06T11:19:59 IST" name="StatusCode" finished-at="2023-07-06T11:19:59 IST" duration-ms="247" status="PASS">
          <reporter-output>
          </reporter-output>
        </test-method> <!-- StatusCode -->
      </class> <!-- com.ripplestreet.AllPutApis.NotificationControllerPutApi -->
    </test> <!-- Default test -->
  </suite> <!-- Default suite -->
</testng-results>
