<?xml version="1.0" encoding="UTF-8"?>
<!-- Generated by org.testng.reporters.JUnitReportReporter -->
<testsuite hostname="LAPTOP-MC4R20CB" failures="0" tests="4" name="com.ripplestreet.AllGetApis.GameControllerGetApi" time="6.045" errors="0" timestamp="2023-06-30T17:58:58 IST" skipped="0">
  <testcase classname="com.ripplestreet.AllGetApis.GameControllerGetApi" name="getWinningoptionBasedOnTheProbability" time="1.415"/>
  <system-out/>
  <testcase classname="com.ripplestreet.AllGetApis.GameControllerGetApi" name="getGameBygameId" time="1.532"/>
  <system-out/>
  <testcase classname="com.ripplestreet.AllGetApis.GameControllerGetApi" name="GetGameTrackerRedisObjByGameId" time="1.655"/>
  <system-out/>
  <testcase classname="com.ripplestreet.AllGetApis.GameControllerGetApi" name="getAllgames" time="1.443"/>
  <system-out/>
</testsuite> <!-- com.ripplestreet.AllGetApis.GameControllerGetApi -->
