<?xml version="1.0" encoding="UTF-8"?>
<!-- Generated by org.testng.reporters.JUnitReportReporter -->
<testsuite hostname="LAPTOP-MC4R20CB" failures="0" tests="2" name="com.ripplestreet.AllGetApis.MobileCommunityControllerGetApi" time="1.458" errors="0" timestamp="2023-06-30T17:58:58 IST" skipped="0">
  <testcase classname="com.ripplestreet.AllGetApis.MobileCommunityControllerGetApi" name="getAllEventsByUserAndParticipantTypeApplicant" time="0.715"/>
  <system-out/>
  <testcase classname="com.ripplestreet.AllGetApis.MobileCommunityControllerGetApi" name="getActiveEventsDetailForUser" time="0.743"/>
  <system-out/>
</testsuite> <!-- com.ripplestreet.AllGetApis.MobileCommunityControllerGetApi -->
