<?xml version="1.0" encoding="UTF-8"?>
<!-- Generated by org.testng.reporters.JUnitReportReporter -->
<testsuite hostname="LAPTOP-MC4R20CB" failures="0" tests="6" name="com.ripplestreet.AllGetApis.NotificationControllerGetApi" time="10.422" errors="0" timestamp="2023-06-30T17:58:58 IST" skipped="0">
  <testcase classname="com.ripplestreet.AllGetApis.NotificationControllerGetApi" name="GetCampaignByNotificationId" time="1.584"/>
  <system-out/>
  <testcase classname="com.ripplestreet.AllGetApis.NotificationControllerGetApi" name="getAllNotification" time="1.583"/>
  <system-out/>
  <testcase classname="com.ripplestreet.AllGetApis.NotificationControllerGetApi" name="SearchCampaignforNotification" time="1.805"/>
  <system-out/>
  <testcase classname="com.ripplestreet.AllGetApis.NotificationControllerGetApi" name="isEmailExistInSuppressionList" time="1.635"/>
  <system-out/>
  <testcase classname="com.ripplestreet.AllGetApis.NotificationControllerGetApi" name="GetKPIMatrixByCampaignId" time="2.472"/>
  <system-out/>
  <testcase classname="com.ripplestreet.AllGetApis.NotificationControllerGetApi" name="GetStatusByNotificationId" time="1.343"/>
  <system-out/>
</testsuite> <!-- com.ripplestreet.AllGetApis.NotificationControllerGetApi -->
