<?xml version="1.0" encoding="UTF-8"?>
<!-- Generated by org.testng.reporters.JUnitReportReporter -->
<testsuite hostname="LAPTOP-MC4R20CB" failures="0" tests="2" name="com.ripplestreet.AllGetApis.AudiencePromotionControllerGetApi" time="1.138" errors="0" timestamp="2023-06-30T17:58:58 IST" skipped="0">
  <testcase classname="com.ripplestreet.AllGetApis.AudiencePromotionControllerGetApi" name="getListOfAudiencePromotionJobsByEventId" time="0.605"/>
  <system-out/>
  <testcase classname="com.ripplestreet.AllGetApis.AudiencePromotionControllerGetApi" name="getListOfInviteOnlyUsersByEventId" time="0.533"/>
  <system-out/>
</testsuite> <!-- com.ripplestreet.AllGetApis.AudiencePromotionControllerGetApi -->
