<?xml version="1.0" encoding="UTF-8"?>
<!-- Generated by org.testng.reporters.JUnitReportReporter -->
<testsuite hostname="LAPTOP-MC4R20CB" failures="0" tests="3" name="com.ripplestreet.AllGetApis.AchievementControllerGetApi" time="4.644" errors="0" timestamp="2023-07-05T15:59:29 IST" skipped="0">
  <testcase classname="com.ripplestreet.AllGetApis.AchievementControllerGetApi" name="GetListofAchievementsforTriggerId" time="1.320"/>
  <system-out/>
  <testcase classname="com.ripplestreet.AllGetApis.AchievementControllerGetApi" name="getAchivements" time="1.501"/>
  <system-out/>
  <testcase classname="com.ripplestreet.AllGetApis.AchievementControllerGetApi" name="GetListofAchievements" time="1.823"/>
  <system-out/>
</testsuite> <!-- com.ripplestreet.AllGetApis.AchievementControllerGetApi -->
