<?xml version="1.0" encoding="UTF-8"?>
<!-- Generated by org.testng.reporters.JUnitReportReporter -->
<testsuite hostname="LAPTOP-MC4R20CB" failures="0" tests="1" name="com.ripplestreet.AllPutApis.ActivityGroupControllerPutApi" time="4.436" errors="0" timestamp="2023-07-05T12:14:26 IST" skipped="0">
  <testcase classname="com.ripplestreet.AllPutApis.ActivityGroupControllerPutApi" name="updateActivityGroup" time="4.436"/>
  <system-out/>
</testsuite> <!-- com.ripplestreet.AllPutApis.ActivityGroupControllerPutApi -->
