<?xml version="1.0" encoding="UTF-8"?>
<!-- Generated by org.testng.reporters.JUnitReportReporter -->
<testsuite hostname="LAPTOP-MC4R20CB" failures="0" tests="5" name="com.ripplestreet.AllGetApis.UgcControllerGetApi" time="7.982" errors="0" timestamp="2023-06-30T18:01:35 IST" skipped="1">
  <testcase classname="com.ripplestreet.AllGetApis.UgcControllerGetApi" name="getImageRecognitionResponse" time="2.019"/>
  <system-out/>
  <testcase classname="com.ripplestreet.AllGetApis.UgcControllerGetApi" name="getUgcDetailsByTaskId" time="2.698"/>
  <system-out/>
  <testcase classname="com.ripplestreet.AllGetApis.UgcControllerGetApi" name="getUgcDetailsById" time="1.674"/>
  <system-out/>
  <testcase classname="com.ripplestreet.AllGetApis.UgcControllerGetApi" name="downloadAssetByURL" time="1.591"/>
  <system-out/>
  <testcase classname="com.ripplestreet.AllGetApis.UgcControllerGetApi" name="getUserAsset">
    <skipped/>
  </testcase> <!-- getUserAsset -->
  <system-out/>
</testsuite> <!-- com.ripplestreet.AllGetApis.UgcControllerGetApi -->
