<?xml version="1.0" encoding="UTF-8"?>
<!-- Generated by org.testng.reporters.JUnitReportReporter -->
<testsuite hostname="LAPTOP-MC4R20CB" failures="0" tests="7" name="com.ripplestreet.AllGetApis.TemplateControllerGetApi" time="11.957" errors="0" timestamp="2023-06-30T17:58:58 IST" skipped="0">
  <testcase classname="com.ripplestreet.AllGetApis.TemplateControllerGetApi" name="DownloadCSVLoader" time="1.682"/>
  <system-out/>
  <testcase classname="com.ripplestreet.AllGetApis.TemplateControllerGetApi" name="getTransactionalTemplateById" time="1.572"/>
  <system-out/>
  <testcase classname="com.ripplestreet.AllGetApis.TemplateControllerGetApi" name="PreviewTemplateContent" time="1.714"/>
  <system-out/>
  <testcase classname="com.ripplestreet.AllGetApis.TemplateControllerGetApi" name="template" time="1.426"/>
  <system-out/>
  <testcase classname="com.ripplestreet.AllGetApis.TemplateControllerGetApi" name="GetTemplateListByTransactionalTypeAndEventId" time="1.598"/>
  <system-out/>
  <testcase classname="com.ripplestreet.AllGetApis.TemplateControllerGetApi" name="GettemplateByTrasactionalType" time="1.703"/>
  <system-out/>
  <testcase classname="com.ripplestreet.AllGetApis.TemplateControllerGetApi" name="AllEmailList" time="2.262"/>
  <system-out/>
</testsuite> <!-- com.ripplestreet.AllGetApis.TemplateControllerGetApi -->
