<?xml version="1.0" encoding="UTF-8"?>
<!-- Generated by org.testng.reporters.JUnitReportReporter -->
<testsuite hostname="LAPTOP-MC4R20CB" failures="0" tests="2" name="com.ripplestreet.AllGetApis.storesControllerGetApi" time="3.867" errors="0" timestamp="2023-06-30T17:58:58 IST" skipped="0">
  <testcase classname="com.ripplestreet.AllGetApis.storesControllerGetApi" name="getAllStoreCollection" time="2.334"/>
  <system-out/>
  <testcase classname="com.ripplestreet.AllGetApis.storesControllerGetApi" name="getStoreListByCollectionName" time="1.533"/>
  <system-out/>
</testsuite> <!-- com.ripplestreet.AllGetApis.storesControllerGetApi -->
