<?xml version="1.0" encoding="UTF-8"?>
<!-- Generated by org.testng.reporters.JUnitReportReporter -->
<testsuite hostname="LAPTOP-MC4R20CB" failures="0" tests="1" name="com.ripplestreet.AllGetApis.BenefitControllerGetApi" time="3.074" errors="0" timestamp="2023-07-05T15:59:29 IST" skipped="0">
  <testcase classname="com.ripplestreet.AllGetApis.BenefitControllerGetApi" name="GetListofBenefit" time="3.074"/>
  <system-out/>
</testsuite> <!-- com.ripplestreet.AllGetApis.BenefitControllerGetApi -->
