<?xml version="1.0" encoding="UTF-8"?>
<!-- Generated by org.testng.reporters.JUnitReportReporter -->
<testsuite hostname="LAPTOP-MC4R20CB" failures="0" tests="1" name="com.ripplestreet.AllPutApis.TriggerControllerPutApi" time="3.156" errors="0" timestamp="2023-07-05T14:23:45 IST" skipped="0">
  <testcase classname="com.ripplestreet.AllPutApis.TriggerControllerPutApi" name="updateTriggerDefinition" time="3.156"/>
  <system-out/>
</testsuite> <!-- com.ripplestreet.AllPutApis.TriggerControllerPutApi -->
