<?xml version="1.0" encoding="UTF-8"?>
<!-- Generated by org.testng.reporters.JUnitReportReporter -->
<testsuite hostname="LAPTOP-MC4R20CB" failures="0" tests="1" name="com.ripplestreet.AllPutApis.GameOptionsControllertPutApi" time="3.220" errors="0" timestamp="2023-07-05T14:34:54 IST" skipped="0">
  <testcase classname="com.ripplestreet.AllPutApis.GameOptionsControllertPutApi" name="updateOptionById" time="3.220"/>
  <system-out/>
</testsuite> <!-- com.ripplestreet.AllPutApis.GameOptionsControllertPutApi -->
