<?xml version="1.0" encoding="UTF-8"?>
<!-- Generated by org.testng.reporters.JUnitReportReporter -->
<testsuite hostname="LAPTOP-MC4R20CB" failures="0" tests="1" name="com.ripplestreet.AllPutApis.ReceiptControllerPutApi" time="3.259" errors="0" timestamp="2023-07-05T15:33:41 IST" skipped="0">
  <testcase classname="com.ripplestreet.AllPutApis.ReceiptControllerPutApi" name="UpdateReceiptDatarecorder" time="3.259"/>
  <system-out/>
</testsuite> <!-- com.ripplestreet.AllPutApis.ReceiptControllerPutApi -->
