<?xml version="1.0" encoding="UTF-8"?>
<!-- Generated by org.testng.reporters.JUnitReportReporter -->
<testsuite hostname="LAPTOP-MC4R20CB" failures="0" tests="2" name="com.ripplestreet.AllGetApis.SocialShareControllerGetApi" time="3.246" errors="0" timestamp="2023-06-30T17:58:58 IST" skipped="0">
  <testcase classname="com.ripplestreet.AllGetApis.SocialShareControllerGetApi" name="getReview" time="1.636"/>
  <system-out/>
  <testcase classname="com.ripplestreet.AllGetApis.SocialShareControllerGetApi" name="getAllReviews" time="1.610"/>
  <system-out/>
</testsuite> <!-- com.ripplestreet.AllGetApis.SocialShareControllerGetApi -->
