<?xml version="1.0" encoding="UTF-8"?>
<!-- Generated by org.testng.reporters.JUnitReportReporter -->
<testsuite hostname="LAPTOP-MC4R20CB" failures="0" tests="1" name="com.ripplestreet.AllGetApis.PreSignedURLControllerGetApi" time="1.561" errors="0" timestamp="2023-06-30T17:58:58 IST" skipped="0">
  <testcase classname="com.ripplestreet.AllGetApis.PreSignedURLControllerGetApi" name="getAllFilesBynotificationId" time="1.561"/>
  <system-out/>
</testsuite> <!-- com.ripplestreet.AllGetApis.PreSignedURLControllerGetApi -->
