<?xml version="1.0" encoding="UTF-8"?>
<!-- Generated by org.testng.reporters.JUnitReportReporter -->
<testsuite hostname="LAPTOP-MC4R20CB" failures="0" tests="1" name="com.ripplestreet.AllPutApis.TrackerControllerGetApi" time="3.147" errors="0" timestamp="2023-07-04T15:32:48 IST" skipped="0">
  <testcase classname="com.ripplestreet.AllPutApis.TrackerControllerGetApi" name="updateActivityTrackerstatuses" time="3.147"/>
  <system-out/>
</testsuite> <!-- com.ripplestreet.AllPutApis.TrackerControllerGetApi -->
