<?xml version="1.0" encoding="UTF-8"?>
<!-- Generated by org.testng.reporters.JUnitReportReporter -->
<testsuite hostname="LAPTOP-MC4R20CB" failures="0" tests="1" name="com.ripplestreet.AllPutApis.ApplicationsControllerPutApi" time="2.397" errors="0" timestamp="2023-07-03T11:48:42 IST" skipped="0">
  <testcase classname="com.ripplestreet.AllPutApis.ApplicationsControllerPutApi" name="updateApplications" time="2.397"/>
  <system-out/>
</testsuite> <!-- com.ripplestreet.AllPutApis.ApplicationsControllerPutApi -->
