<?xml version="1.0" encoding="UTF-8"?>
<!-- Generated by org.testng.reporters.JUnitReportReporter -->
<testsuite hostname="LAPTOP-MC4R20CB" failures="0" tests="1" name="com.ripplestreet.AllPutApis.NotificationControllerPutApi" time="4.232" errors="0" timestamp="2023-07-06T14:07:43 IST" skipped="0">
  <testcase classname="com.ripplestreet.AllPutApis.NotificationControllerPutApi" name="resetNotificationRecepientData" time="4.232"/>
  <system-out/>
</testsuite> <!-- com.ripplestreet.AllPutApis.NotificationControllerPutApi -->
