<?xml version="1.0" encoding="UTF-8"?>
<!-- Generated by org.testng.reporters.JUnitXMLReporter -->
<testsuite ignored="183" hostname="LAPTOP-MC4R20CB" failures="0" tests="9" name="Test" time="15.983" errors="0" timestamp="2023-07-05T15:59:29 IST">
  <testcase classname="com.ripplestreet.AllGetApis.BenefitControllerGetApi" name="GetListofBenefit" time="3.074"/>
  <testcase classname="com.ripplestreet.AllGetApis.AchievementControllerGetApi" name="GetListofAchievements" time="1.823"/>
  <testcase classname="com.ripplestreet.AllGetApis.AchievementControllerGetApi" name="GetListofAchievementsforTriggerId" time="1.32"/>
  <testcase classname="com.ripplestreet.AllGetApis.AchievementControllerGetApi" name="getAchivements" time="1.501"/>
  <testcase classname="com.ripplestreet.AllGetApis.UserAchievementControllerGetApi" name="getUserAchivmentsDetails" time="2.044"/>
  <testcase classname="com.ripplestreet.AllGetApis.UserAchievementControllerGetApi" name="getUserProgramsDetailes" time="1.605"/>
  <testcase classname="com.ripplestreet.AllGetApis.AchievementProgramControllerGetApi" name="GetAchievementProgram" time="1.562"/>
  <testcase classname="com.ripplestreet.AllGetApis.AchievementProgramControllerGetApi" name="GetListOfAchievementProgramsforAchievementId" time="1.432"/>
  <testcase classname="com.ripplestreet.AllGetApis.AchievementProgramControllerGetApi" name="GetListofAchievementPrograms" time="1.532"/>
  <testcase classname="com.ripplestreet.AllGetApis.PartyControllerGetApi" name="getlistofparties" time="0.0">
    <ignored/>
  </testcase> <!-- getlistofparties -->
  <testcase classname="com.ripplestreet.AllGetApis.CreativeControllerGetApi" name="findHeroPlaylistById" time="0.0">
    <ignored/>
  </testcase> <!-- findHeroPlaylistById -->
  <testcase classname="com.ripplestreet.AllGetApis.EventControllerGetApi" name="getAllServices" time="0.0">
    <ignored/>
  </testcase> <!-- getAllServices -->
  <testcase classname="com.ripplestreet.AllGetApis.RewardsItemsControllerGetApi" name="getRewarditems" time="0.0">
    <ignored/>
  </testcase> <!-- getRewarditems -->
  <testcase classname="com.ripplestreet.AllGetApis.FAQcontrollerGetApi" name="getlistofFaqTopicbyFaqId" time="0.0">
    <ignored/>
  </testcase> <!-- getlistofFaqTopicbyFaqId -->
  <testcase classname="com.ripplestreet.AllGetApis.CommunityControllerGetApi" name="getUserProfile" time="0.0">
    <ignored/>
  </testcase> <!-- getUserProfile -->
  <testcase classname="com.ripplestreet.AllGetApis.UgcControllerGetApi" name="downloadAssetByURL" time="0.0">
    <ignored/>
  </testcase> <!-- downloadAssetByURL -->
  <testcase classname="com.ripplestreet.AllGetApis.SegmentationDefinitionControllerVersion2" name="getSegmentDefinitionById" time="0.0">
    <ignored/>
  </testcase> <!-- getSegmentDefinitionById -->
  <testcase classname="com.ripplestreet.AllGetApis.SurveyControllerGetApi" name="getSurveyListByEventIdAndPid" time="0.0">
    <ignored/>
  </testcase> <!-- getSurveyListByEventIdAndPid -->
  <testcase classname="com.ripplestreet.AllGetApis.EventControllerGetApi" name="getEventMileStoneByIdAndDate" time="0.0">
    <ignored/>
  </testcase> <!-- getEventMileStoneByIdAndDate -->
  <testcase classname="com.ripplestreet.AllGetApis.CommunityControllerGetApi" name="getUserListByFilters" time="0.0">
    <ignored/>
  </testcase> <!-- getUserListByFilters -->
  <testcase classname="com.ripplestreet.AllGetApis.DiscussionControllerGetApi" name="getDiscussionListByFilters" time="0.0">
    <ignored/>
  </testcase> <!-- getDiscussionListByFilters -->
  <testcase classname="com.ripplestreet.AllGetApis.EventControllerGetApi" name="getAllProductByEvents" time="0.0">
    <ignored/>
  </testcase> <!-- getAllProductByEvents -->
  <testcase classname="com.ripplestreet.AllGetApis.userFamilyControllerGetApi" name="getUserChildern" time="0.0">
    <ignored/>
  </testcase> <!-- getUserChildern -->
  <testcase classname="com.ripplestreet.AllGetApis.GameControllerGetApi" name="getGameBygameId" time="0.0">
    <ignored/>
  </testcase> <!-- getGameBygameId -->
  <testcase classname="com.ripplestreet.AllGetApis.storesControllerGetApi" name="getAllStoreCollection" time="0.0">
    <ignored/>
  </testcase> <!-- getAllStoreCollection -->
  <testcase classname="com.ripplestreet.AllGetApis.RewardControllerGetApi" name="getReward" time="0.0">
    <ignored/>
  </testcase> <!-- getReward -->
  <testcase classname="com.ripplestreet.AllGetApis.CommunityControllerGetApi" name="getAllAddressEntriesByPersonId" time="0.0">
    <ignored/>
  </testcase> <!-- getAllAddressEntriesByPersonId -->
  <testcase classname="com.ripplestreet.AllGetApis.EventDetailControllerGetApi" name="findAllmileStonesByEvent" time="0.0">
    <ignored/>
  </testcase> <!-- findAllmileStonesByEvent -->
  <testcase classname="com.ripplestreet.AllGetApis.EventControllerGetApi" name="getAllSubscriptionsByServiceName" time="0.0">
    <ignored/>
  </testcase> <!-- getAllSubscriptionsByServiceName -->
  <testcase classname="com.ripplestreet.AllGetApis.NotificationControllerGetApi" name="GetKPIMatrixByCampaignId" time="0.0">
    <ignored/>
  </testcase> <!-- GetKPIMatrixByCampaignId -->
  <testcase classname="com.ripplestreet.AllGetApis.AssetControllerGetApi" name="getAssetById" time="0.0">
    <ignored/>
  </testcase> <!-- getAssetById -->
  <testcase classname="com.ripplestreet.AllGetApis.TaskControllerGetApi" name="getTask" time="0.0">
    <ignored/>
  </testcase> <!-- getTask -->
  <testcase classname="com.ripplestreet.AllGetApis.TemplateControllerGetApi" name="GetTemplateListByTransactionalTypeAndEventId" time="0.0">
    <ignored/>
  </testcase> <!-- GetTemplateListByTransactionalTypeAndEventId -->
  <testcase classname="com.ripplestreet.AllGetApis.EventFeedControllerGetApi" name="getPhotoFeedByEventId" time="0.0">
    <ignored/>
  </testcase> <!-- getPhotoFeedByEventId -->
  <testcase classname="com.ripplestreet.AllGetApis.IntrestesControllerGetApi" name="getUserInterestByPersonId" time="0.0">
    <ignored/>
  </testcase> <!-- getUserInterestByPersonId -->
  <testcase classname="com.ripplestreet.AllGetApis.TriggerControllerGetApi" name="getTriggerInfoByTableNameAndOperation" time="0.0">
    <ignored/>
  </testcase> <!-- getTriggerInfoByTableNameAndOperation -->
  <testcase classname="com.ripplestreet.AllGetApis.CreativeControllerGetApi" name="getFavorByEventIdAndId" time="0.0">
    <ignored/>
  </testcase> <!-- getFavorByEventIdAndId -->
  <testcase classname="com.ripplestreet.AllGetApis.ActivityControllerGetApi" name="getActivity" time="0.0">
    <ignored/>
  </testcase> <!-- getActivity -->
  <testcase classname="com.ripplestreet.AllGetApis.AgencyControllerGetApi" name="findAllAgencies" time="0.0">
    <ignored/>
  </testcase> <!-- findAllAgencies -->
  <testcase classname="com.ripplestreet.AllGetApis.EventControllerGetApi" name="getFilteredEvents" time="0.0">
    <ignored/>
  </testcase> <!-- getFilteredEvents -->
  <testcase classname="com.ripplestreet.AllGetApis.IteratorGetApi" name="getAllAGamesByAllDirectionsUsingIterator" time="0.0">
    <ignored/>
  </testcase> <!-- getAllAGamesByAllDirectionsUsingIterator -->
  <testcase classname="com.ripplestreet.AllGetApis.RewardControllerGetApi" name="getRewardByName" time="0.0">
    <ignored/>
  </testcase> <!-- getRewardByName -->
  <testcase classname="com.ripplestreet.AllGetApis.EventControllerGetApi" name="getAllSubscriptionsByEvent" time="0.0">
    <ignored/>
  </testcase> <!-- getAllSubscriptionsByEvent -->
  <testcase classname="com.ripplestreet.AllGetApis.RoleControllerGetApi" name="getLlistOfPeopleByRoleID" time="0.0">
    <ignored/>
  </testcase> <!-- getLlistOfPeopleByRoleID -->
  <testcase classname="com.ripplestreet.AllGetApis.RewardDeliveryControllerGetApi" name="getAllRewardDeliveriesByPersonId" time="0.0">
    <ignored/>
  </testcase> <!-- getAllRewardDeliveriesByPersonId -->
  <testcase classname="com.ripplestreet.AllGetApis.CreativeControllerGetApi" name="finAllBannerByEventId" time="0.0">
    <ignored/>
  </testcase> <!-- finAllBannerByEventId -->
  <testcase classname="com.ripplestreet.AllGetApis.gameOptionControllerGetApi" name="getListOfOptionsByGameId" time="0.0">
    <ignored/>
  </testcase> <!-- getListOfOptionsByGameId -->
  <testcase classname="com.ripplestreet.AllGetApis.GameControllerGetApi" name="getAllgames" time="0.0">
    <ignored/>
  </testcase> <!-- getAllgames -->
  <testcase classname="com.ripplestreet.AllGetApis.SponserControllerGetApi" name="findAllsponsorAssetsbysponsorId" time="0.0">
    <ignored/>
  </testcase> <!-- findAllsponsorAssetsbysponsorId -->
  <testcase classname="com.ripplestreet.AllGetApis.CouponControllerGetApi" name="getCouponsByActivityId" time="0.0">
    <ignored/>
  </testcase> <!-- getCouponsByActivityId -->
  <testcase classname="com.ripplestreet.AllGetApis.RewardControllerGetApi" name="getAllReward" time="0.0">
    <ignored/>
  </testcase> <!-- getAllReward -->
  <testcase classname="com.ripplestreet.AllGetApis.TemplateControllerGetApi" name="template" time="0.0">
    <ignored/>
  </testcase> <!-- template -->
  <testcase classname="com.ripplestreet.AllGetApis.EventFeedControllerGetApi" name="getReviewFeedByEventId" time="0.0">
    <ignored/>
  </testcase> <!-- getReviewFeedByEventId -->
  <testcase classname="com.ripplestreet.AllGetApis.RecipientsController" name="GetAllRecipientForCampaignId" time="0.0">
    <ignored/>
  </testcase> <!-- GetAllRecipientForCampaignId -->
  <testcase classname="com.ripplestreet.AllGetApis.SegmentationFolderControllerGetApi" name="getAllSegmentFolder" time="0.0">
    <ignored/>
  </testcase> <!-- getAllSegmentFolder -->
  <testcase classname="com.ripplestreet.AllGetApis.WorkFlowTemplateControllerGetApi" name="getStepFunctionByArn" time="0.0">
    <ignored/>
  </testcase> <!-- getStepFunctionByArn -->
  <testcase classname="com.ripplestreet.AllGetApis.RewardControllerGetApi" name="searchItems" time="0.0">
    <ignored/>
  </testcase> <!-- searchItems -->
  <testcase classname="com.ripplestreet.AllGetApis.TremendouesControllerGetApi" name="getTremendousCampaigns" time="0.0">
    <ignored/>
  </testcase> <!-- getTremendousCampaigns -->
  <testcase classname="com.ripplestreet.AllGetApis.RewardCatalogControllerGetAPi" name="getAllRewardCatalogItems" time="0.0">
    <ignored/>
  </testcase> <!-- getAllRewardCatalogItems -->
  <testcase classname="com.ripplestreet.AllGetApis.SegmentationDataControllerGetApi" name="GetSegmentIdBySegmentName" time="0.0">
    <ignored/>
  </testcase> <!-- GetSegmentIdBySegmentName -->
  <testcase classname="com.ripplestreet.AllGetApis.SegmentationDataControllerGetApi" name="FindIfUserExistInGivenSegment" time="0.0">
    <ignored/>
  </testcase> <!-- FindIfUserExistInGivenSegment -->
  <testcase classname="com.ripplestreet.AllGetApis.SegmentationDefinitionControllerVersion2" name="getGetSegmentDefinitionByFolderIdAndSegmentId" time="0.0">
    <ignored/>
  </testcase> <!-- getGetSegmentDefinitionByFolderIdAndSegmentId -->
  <testcase classname="com.ripplestreet.AllGetApis.UserStatusControllerGetApi" name="GetUserAndEventDataByEventIdandPersonId" time="0.0">
    <ignored/>
  </testcase> <!-- GetUserAndEventDataByEventIdandPersonId -->
  <testcase classname="com.ripplestreet.AllGetApis.SegmentationDefinitionControllerVersion2" name="getAllSegments" time="0.0">
    <ignored/>
  </testcase> <!-- getAllSegments -->
  <testcase classname="com.ripplestreet.AllGetApis.CommunityControllerGetApi" name="getUserDetails" time="0.0">
    <ignored/>
  </testcase> <!-- getUserDetails -->
  <testcase classname="com.ripplestreet.AllGetApis.EnrollmentControllerGetApi" name="GetUserEnrollments" time="0.0">
    <ignored/>
  </testcase> <!-- GetUserEnrollments -->
  <testcase classname="com.ripplestreet.AllGetApis.EventControllerGetApi" name="getEventDetailForWorkFlow" time="0.0">
    <ignored/>
  </testcase> <!-- getEventDetailForWorkFlow -->
  <testcase classname="com.ripplestreet.AllGetApis.MobileCommunityControllerGetApi" name="getActiveEventsDetailForUser" time="0.0">
    <ignored/>
  </testcase> <!-- getActiveEventsDetailForUser -->
  <testcase classname="com.ripplestreet.AllGetApis.LegalControllerGetApi" name="getLegalDesclaimer" time="0.0">
    <ignored/>
  </testcase> <!-- getLegalDesclaimer -->
  <testcase classname="com.ripplestreet.AllGetApis.CreativeControllerGetApi" name="getBannerByEventIdandId" time="0.0">
    <ignored/>
  </testcase> <!-- getBannerByEventIdandId -->
  <testcase classname="com.ripplestreet.AllGetApis.EventControllerGetApi" name="getAllMileStonesByEvent" time="0.0">
    <ignored/>
  </testcase> <!-- getAllMileStonesByEvent -->
  <testcase classname="com.ripplestreet.AllGetApis.EventControllerGetApi" name="getpackAndApplicationCountByEventId" time="0.0">
    <ignored/>
  </testcase> <!-- getpackAndApplicationCountByEventId -->
  <testcase classname="com.ripplestreet.AllGetApis.storesControllerGetApi" name="getStoreListByCollectionName" time="0.0">
    <ignored/>
  </testcase> <!-- getStoreListByCollectionName -->
  <testcase classname="com.ripplestreet.AllGetApis.GameControllerGetApi" name="GetGameTrackerRedisObjByGameId" time="0.0">
    <ignored/>
  </testcase> <!-- GetGameTrackerRedisObjByGameId -->
  <testcase classname="com.ripplestreet.AllGetApis.TrackableLinkcontrollerGetApi" name="getLinkById" time="0.0">
    <ignored/>
  </testcase> <!-- getLinkById -->
  <testcase classname="com.ripplestreet.AllGetApis.OptinInflightActivationControllerGetApi" name="getListOfAllocationTransientRecordByEventId" time="0.0">
    <ignored/>
  </testcase> <!-- getListOfAllocationTransientRecordByEventId -->
  <testcase classname="com.ripplestreet.AllGetApis.EventFeedControllerGetApi" name="getCommentFeedByEventId" time="0.0">
    <ignored/>
  </testcase> <!-- getCommentFeedByEventId -->
  <testcase classname="com.ripplestreet.AllGetApis.GameControllerGetApi" name="getWinningoptionBasedOnTheProbability" time="0.0">
    <ignored/>
  </testcase> <!-- getWinningoptionBasedOnTheProbability -->
  <testcase classname="com.ripplestreet.AllGetApis.EventControllerGetApi" name="getProductDetailEventIdAndProductId" time="0.0">
    <ignored/>
  </testcase> <!-- getProductDetailEventIdAndProductId -->
  <testcase classname="com.ripplestreet.AllGetApis.CommunityControllerGetApi" name="GettingDetailOfHeadHostByPersonId" time="0.0">
    <ignored/>
  </testcase> <!-- GettingDetailOfHeadHostByPersonId -->
  <testcase classname="com.ripplestreet.AllGetApis.SurveyControllerGetApi" name="getAllLinksByEventId" time="0.0">
    <ignored/>
  </testcase> <!-- getAllLinksByEventId -->
  <testcase classname="com.ripplestreet.AllGetApis.TriggerControllerGetApi" name="GetAllTriggers" time="0.0">
    <ignored/>
  </testcase> <!-- GetAllTriggers -->
  <testcase classname="com.ripplestreet.AllGetApis.TemplateControllerGetApi" name="PreviewTemplateContent" time="0.0">
    <ignored/>
  </testcase> <!-- PreviewTemplateContent -->
  <testcase classname="com.ripplestreet.AllGetApis.ProductControllerGetApi" name="getProductsById" time="0.0">
    <ignored/>
  </testcase> <!-- getProductsById -->
  <testcase classname="com.ripplestreet.AllGetApis.OptInsControllerGetApi" name="GetRewardCountByEventIdAndPreferenceforPerson" time="0.0">
    <ignored/>
  </testcase> <!-- GetRewardCountByEventIdAndPreferenceforPerson -->
  <testcase classname="com.ripplestreet.AllGetApis.TemplateControllerGetApi" name="getTransactionalTemplateById" time="0.0">
    <ignored/>
  </testcase> <!-- getTransactionalTemplateById -->
  <testcase classname="com.ripplestreet.AllGetApis.userFamilyControllerGetApi" name="getAllPetTypes" time="0.0">
    <ignored/>
  </testcase> <!-- getAllPetTypes -->
  <testcase classname="com.ripplestreet.AllGetApis.ReceiptControllerGetApi" name="getReceiptList" time="0.0">
    <ignored/>
  </testcase> <!-- getReceiptList -->
  <testcase classname="com.ripplestreet.AllGetApis.RewardDeliveryControllerGetApi" name="getRewardDeleveries" time="0.0">
    <ignored/>
  </testcase> <!-- getRewardDeleveries -->
  <testcase classname="com.ripplestreet.AllGetApis.AudiencePromotionControllerGetApi" name="getListOfInviteOnlyUsersByEventId" time="0.0">
    <ignored/>
  </testcase> <!-- getListOfInviteOnlyUsersByEventId -->
  <testcase classname="com.ripplestreet.AllGetApis.CreativeControllerGetApi" name="FinfAllfavousByEventId" time="0.0">
    <ignored/>
  </testcase> <!-- FinfAllfavousByEventId -->
  <testcase classname="com.ripplestreet.AllGetApis.CreativeControllerGetApi" name="findAllHeroPlaylistByModelId" time="0.0">
    <ignored/>
  </testcase> <!-- findAllHeroPlaylistByModelId -->
  <testcase classname="com.ripplestreet.AllGetApis.CampaignControllerGetApi" name="findAllCampaingn" time="0.0">
    <ignored/>
  </testcase> <!-- findAllCampaingn -->
  <testcase classname="com.ripplestreet.AllGetApis.CommunityControllerGetApi" name="getUserParticipationBits" time="0.0">
    <ignored/>
  </testcase> <!-- getUserParticipationBits -->
  <testcase classname="com.ripplestreet.AllGetApis.DraftEventControllerGetApi" name="getListOfEventsBycampaignId" time="0.0">
    <ignored/>
  </testcase> <!-- getListOfEventsBycampaignId -->
  <testcase classname="com.ripplestreet.AllGetApis.CreativeControllerGetApi" name="FindHeroplaylistitemById" time="0.0">
    <ignored/>
  </testcase> <!-- FindHeroplaylistitemById -->
  <testcase classname="com.ripplestreet.AllGetApis.PreSignedURLControllerGetApi" name="getAllFilesBynotificationId" time="0.0">
    <ignored/>
  </testcase> <!-- getAllFilesBynotificationId -->
  <testcase classname="com.ripplestreet.AllGetApis.OptinInflightActivationControllerGetApi" name="getAllocationTransientRecordByEventIdAndPersonId" time="0.0">
    <ignored/>
  </testcase> <!-- getAllocationTransientRecordByEventIdAndPersonId -->
  <testcase classname="com.ripplestreet.AllGetApis.IntrestesControllerGetApi" name="Allcategorieslist" time="0.0">
    <ignored/>
  </testcase> <!-- Allcategorieslist -->
  <testcase classname="com.ripplestreet.AllGetApis.SwagControllerGetApi" name="getSwagList" time="0.0">
    <ignored/>
  </testcase> <!-- getSwagList -->
  <testcase classname="com.ripplestreet.AllGetApis.EventDetailControllerGetApi" name="getListoftargetsByEventId" time="0.0">
    <ignored/>
  </testcase> <!-- getListoftargetsByEventId -->
  <testcase classname="com.ripplestreet.AllGetApis.RewardControllerGetApi" name="getRewardCount" time="0.0">
    <ignored/>
  </testcase> <!-- getRewardCount -->
  <testcase classname="com.ripplestreet.AllGetApis.NotificationControllerGetApi" name="SearchCampaignforNotification" time="0.0">
    <ignored/>
  </testcase> <!-- SearchCampaignforNotification -->
  <testcase classname="com.ripplestreet.AllGetApis.userFamilyControllerGetApi" name="getAllPetsForUser" time="0.0">
    <ignored/>
  </testcase> <!-- getAllPetsForUser -->
  <testcase classname="com.ripplestreet.AllGetApis.TrackableLinkcontrollerGetApi" name="findAllLinksForAnEvent" time="0.0">
    <ignored/>
  </testcase> <!-- findAllLinksForAnEvent -->
  <testcase classname="com.ripplestreet.AllGetApis.CampaignControllerGetApi" name="findCampaignById" time="0.0">
    <ignored/>
  </testcase> <!-- findCampaignById -->
  <testcase classname="com.ripplestreet.AllGetApis.WorkFlowTemplateControllerGetApi" name="getEventWorkflowTemplateByEventId" time="0.0">
    <ignored/>
  </testcase> <!-- getEventWorkflowTemplateByEventId -->
  <testcase classname="com.ripplestreet.AllGetApis.ReviewControllerGetApi" name="getExternalReview" time="0.0">
    <ignored/>
  </testcase> <!-- getExternalReview -->
  <testcase classname="com.ripplestreet.AllGetApis.TaskControllerGetApi" name="getListOfTasks" time="0.0">
    <ignored/>
  </testcase> <!-- getListOfTasks -->
  <testcase classname="com.ripplestreet.AllGetApis.jobControllerGetApi" name="getAllListOfJobsBySourcetype" time="0.0">
    <ignored/>
  </testcase> <!-- getAllListOfJobsBySourcetype -->
  <testcase classname="com.ripplestreet.AllGetApis.RewardAllocationcontrollerGetApi" name="getRewardAllocation" time="0.0">
    <ignored/>
  </testcase> <!-- getRewardAllocation -->
  <testcase classname="com.ripplestreet.AllGetApis.DiscussionControllerGetApi" name="getDiscussion" time="0.0">
    <ignored/>
  </testcase> <!-- getDiscussion -->
  <testcase classname="com.ripplestreet.AllGetApis.NotificationControllerGetApi" name="isEmailExistInSuppressionList" time="0.0">
    <ignored/>
  </testcase> <!-- isEmailExistInSuppressionList -->
  <testcase classname="com.ripplestreet.AllGetApis.EnrollmentControllerGetApi" name="EnrollmentList" time="0.0">
    <ignored/>
  </testcase> <!-- EnrollmentList -->
  <testcase classname="com.ripplestreet.AllGetApis.EventFeedControllerGetApi" name="getFeedInfoById" time="0.0">
    <ignored/>
  </testcase> <!-- getFeedInfoById -->
  <testcase classname="com.ripplestreet.AllGetApis.ActivityGroupControllerGetApi" name="GetActivityGroupsByyEventId" time="0.0">
    <ignored/>
  </testcase> <!-- GetActivityGroupsByyEventId -->
  <testcase classname="com.ripplestreet.AllGetApis.ReceiptControllerGetApi" name="getReceiptRecordWithData" time="0.0">
    <ignored/>
  </testcase> <!-- getReceiptRecordWithData -->
  <testcase classname="com.ripplestreet.AllGetApis.SegmentationDataControllerGetApi" name="GetUserDetailsOfaSegment" time="0.0">
    <ignored/>
  </testcase> <!-- GetUserDetailsOfaSegment -->
  <testcase classname="com.ripplestreet.AllGetApis.UgcControllerGetApi" name="getUgcDetailsByTaskId" time="0.0">
    <ignored/>
  </testcase> <!-- getUgcDetailsByTaskId -->
  <testcase classname="com.ripplestreet.AllGetApis.OptInsControllerGetApi" name="getOptInById" time="0.0">
    <ignored/>
  </testcase> <!-- getOptInById -->
  <testcase classname="com.ripplestreet.AllGetApis.ConfigurationController" name="getAllconfigs" time="0.0">
    <ignored/>
  </testcase> <!-- getAllconfigs -->
  <testcase classname="com.ripplestreet.AllGetApis.FAQcontrollerGetApi" name="GetlistofFaqTopicItemsbyFaqTopicId" time="0.0">
    <ignored/>
  </testcase> <!-- GetlistofFaqTopicItemsbyFaqTopicId -->
  <testcase classname="com.ripplestreet.AllGetApis.ReviewControllerGetApi" name="getReview" time="0.0">
    <ignored/>
  </testcase> <!-- getReview -->
  <testcase classname="com.ripplestreet.AllGetApis.jobControllerGetApi" name="getAllJobByTypeAndId" time="0.0">
    <ignored/>
  </testcase> <!-- getAllJobByTypeAndId -->
  <testcase classname="com.ripplestreet.AllGetApis.RewardControllerGetApi" name="getRewardSummaryByEventId" time="0.0">
    <ignored/>
  </testcase> <!-- getRewardSummaryByEventId -->
  <testcase classname="com.ripplestreet.AllGetApis.EventControllerGetApi" name="getCurrentMileStonesByEvent" time="0.0">
    <ignored/>
  </testcase> <!-- getCurrentMileStonesByEvent -->
  <testcase classname="com.ripplestreet.AllGetApis.NotificationControllerGetApi" name="getAllNotification" time="0.0">
    <ignored/>
  </testcase> <!-- getAllNotification -->
  <testcase classname="com.ripplestreet.AllGetApis.RewardDeliveryControllerGetApi" name="getDeliverySystemAttributeValue" time="0.0">
    <ignored/>
  </testcase> <!-- getDeliverySystemAttributeValue -->
  <testcase classname="com.ripplestreet.AllGetApis.EventTemplateControllerGetApi" name="findAllEventTemplate" time="0.0">
    <ignored/>
  </testcase> <!-- findAllEventTemplate -->
  <testcase classname="com.ripplestreet.AllGetApis.UgcControllerGetApi" name="downloadAsset" time="0.0">
    <ignored/>
  </testcase> <!-- downloadAsset -->
  <testcase classname="com.ripplestreet.AllGetApis.TemplateControllerGetApi" name="DownloadCSVLoader" time="0.0">
    <ignored/>
  </testcase> <!-- DownloadCSVLoader -->
  <testcase classname="com.ripplestreet.AllGetApis.TremendouesControllerGetApi" name="getTremendousFundingSources" time="0.0">
    <ignored/>
  </testcase> <!-- getTremendousFundingSources -->
  <testcase classname="com.ripplestreet.AllGetApis.CommonServiceFeedControllerGeApi" name="getAllFeedsForEvents" time="0.0">
    <ignored/>
  </testcase> <!-- getAllFeedsForEvents -->
  <testcase classname="com.ripplestreet.AllGetApis.SwagControllerGetApi" name="getSwag" time="0.0">
    <ignored/>
  </testcase> <!-- getSwag -->
  <testcase classname="com.ripplestreet.AllGetApis.SocialShareControllerGetApi" name="getReview" time="0.0">
    <ignored/>
  </testcase> <!-- getReview -->
  <testcase classname="com.ripplestreet.AllGetApis.SegmentationFolderControllerGetApi" name="GetSegmentFolderFromCampaignSegment" time="0.0">
    <ignored/>
  </testcase> <!-- GetSegmentFolderFromCampaignSegment -->
  <testcase classname="com.ripplestreet.AllGetApis.UgcControllerGetApi" name="getUserAsset" time="0.0">
    <ignored/>
  </testcase> <!-- getUserAsset -->
  <testcase classname="com.ripplestreet.AllGetApis.ApplicationControllerGetApi" name="getAllApplications" time="0.0">
    <ignored/>
  </testcase> <!-- getAllApplications -->
  <testcase classname="com.ripplestreet.AllGetApis.RewardPreferencesControllerGetApi" name="getRewardPreferences" time="0.0">
    <ignored/>
  </testcase> <!-- getRewardPreferences -->
  <testcase classname="com.ripplestreet.AllGetApis.OptInsControllerGetApi" name="getListOptInByEventId" time="0.0">
    <ignored/>
  </testcase> <!-- getListOptInByEventId -->
  <testcase classname="com.ripplestreet.AllGetApis.NotificationControllerGetApi" name="GetCampaignByNotificationId" time="0.0">
    <ignored/>
  </testcase> <!-- GetCampaignByNotificationId -->
  <testcase classname="com.ripplestreet.AllGetApis.EventDetailControllerGetApi" name="findAllMilestonesTypeByEventtypes" time="0.0">
    <ignored/>
  </testcase> <!-- findAllMilestonesTypeByEventtypes -->
  <testcase classname="com.ripplestreet.AllGetApis.EventDetailControllerGetApi" name="findMileStoneById" time="0.0">
    <ignored/>
  </testcase> <!-- findMileStoneById -->
  <testcase classname="com.ripplestreet.AllGetApis.SegmentationJobsControllerGetApi" name="getAllSegmentJobsForSegmentId" time="0.0">
    <ignored/>
  </testcase> <!-- getAllSegmentJobsForSegmentId -->
  <testcase classname="com.ripplestreet.AllGetApis.NotificationControllerGetApi" name="GetStatusByNotificationId" time="0.0">
    <ignored/>
  </testcase> <!-- GetStatusByNotificationId -->
  <testcase classname="com.ripplestreet.AllGetApis.ReviewControllerGetApi" name="getReviewsByTaskId" time="0.0">
    <ignored/>
  </testcase> <!-- getReviewsByTaskId -->
  <testcase classname="com.ripplestreet.AllGetApis.EventControllerGetApi" name="getEventById" time="0.0">
    <ignored/>
  </testcase> <!-- getEventById -->
  <testcase classname="com.ripplestreet.AllGetApis.CommunityControllerGetApi" name="getAllEventsByUserAndParticipantType" time="0.0">
    <ignored/>
  </testcase> <!-- getAllEventsByUserAndParticipantType -->
  <testcase classname="com.ripplestreet.AllGetApis.EventControllerGetApi" name="getEventDetailBySlug" time="0.0">
    <ignored/>
  </testcase> <!-- getEventDetailBySlug -->
  <testcase classname="com.ripplestreet.AllGetApis.ProductControllerGetApi" name="getListOfProdutsByEventID" time="0.0">
    <ignored/>
  </testcase> <!-- getListOfProdutsByEventID -->
  <testcase classname="com.ripplestreet.AllGetApis.TemplateControllerGetApi" name="AllEmailList" time="0.0">
    <ignored/>
  </testcase> <!-- AllEmailList -->
  <testcase classname="com.ripplestreet.AllGetApis.ReservationControllerGetApi" name="GetUserStatusCountbyEventId" time="0.0">
    <ignored/>
  </testcase> <!-- GetUserStatusCountbyEventId -->
  <testcase classname="com.ripplestreet.AllGetApis.FAQcontrollerGetApi" name="GetFAQDetailByEventIdforCommunity" time="0.0">
    <ignored/>
  </testcase> <!-- GetFAQDetailByEventIdforCommunity -->
  <testcase classname="com.ripplestreet.AllGetApis.EventDetailControllerGetApi" name="getBasicEventDetailByEventID" time="0.0">
    <ignored/>
  </testcase> <!-- getBasicEventDetailByEventID -->
  <testcase classname="com.ripplestreet.AllGetApis.EventControllerGetApi" name="getAllCurrentMileStoneByEvent" time="0.0">
    <ignored/>
  </testcase> <!-- getAllCurrentMileStoneByEvent -->
  <testcase classname="com.ripplestreet.AllGetApis.CommunityControllerGetApi" name="getAllUsersByEventAndParticipantType" time="0.0">
    <ignored/>
  </testcase> <!-- getAllUsersByEventAndParticipantType -->
  <testcase classname="com.ripplestreet.AllGetApis.ActivityGroupControllerGetApi" name="GetActivityGroup" time="0.0">
    <ignored/>
  </testcase> <!-- GetActivityGroup -->
  <testcase classname="com.ripplestreet.AllGetApis.UgcControllerGetApi" name="getUgcDetailsById" time="0.0">
    <ignored/>
  </testcase> <!-- getUgcDetailsById -->
  <testcase classname="com.ripplestreet.AllGetApis.SegmentationDataControllerGetApi" name="GetUsersOfaSegment" time="0.0">
    <ignored/>
  </testcase> <!-- GetUsersOfaSegment -->
  <testcase classname="com.ripplestreet.AllGetApis.EventControllerGetApi" name="getAllEvents" time="0.0">
    <ignored/>
  </testcase> <!-- getAllEvents -->
  <testcase classname="com.ripplestreet.AllGetApis.AudienceControllerGetApi" name="getParticipantsWithApplicationsForEvent" time="0.0">
    <ignored/>
  </testcase> <!-- getParticipantsWithApplicationsForEvent -->
  <testcase classname="com.ripplestreet.AllGetApis.ActivityControllerGetApi" name="getListOfActivities" time="0.0">
    <ignored/>
  </testcase> <!-- getListOfActivities -->
  <testcase classname="com.ripplestreet.AllGetApis.AudiencePromotionControllerGetApi" name="getListOfAudiencePromotionJobsByEventId" time="0.0">
    <ignored/>
  </testcase> <!-- getListOfAudiencePromotionJobsByEventId -->
  <testcase classname="com.ripplestreet.AllGetApis.UgcControllerGetApi" name="getImageRecognitionResponse" time="0.0">
    <ignored/>
  </testcase> <!-- getImageRecognitionResponse -->
  <testcase classname="com.ripplestreet.AllGetApis.ActivityGroupControllerGetApi" name="GetListofActivityGroups" time="0.0">
    <ignored/>
  </testcase> <!-- GetListofActivityGroups -->
  <testcase classname="com.ripplestreet.AllGetApis.AgencyControllerGetApi" name="getAgencyById" time="0.0">
    <ignored/>
  </testcase> <!-- getAgencyById -->
  <testcase classname="com.ripplestreet.AllGetApis.FAQcontrollerGetApi" name="getFAQTopicitemsById" time="0.0">
    <ignored/>
  </testcase> <!-- getFAQTopicitemsById -->
  <testcase classname="com.ripplestreet.AllGetApis.RoleControllerGetApi" name="getListOfRoles" time="0.0">
    <ignored/>
  </testcase> <!-- getListOfRoles -->
  <testcase classname="com.ripplestreet.AllGetApis.FAQcontrollerGetApi" name="getFAQbyEventId" time="0.0">
    <ignored/>
  </testcase> <!-- getFAQbyEventId -->
  <testcase classname="com.ripplestreet.AllGetApis.CreativeControllerGetApi" name="findAllHeroPlaylistItemsByPlayListId" time="0.0">
    <ignored/>
  </testcase> <!-- findAllHeroPlaylistItemsByPlayListId -->
  <testcase classname="com.ripplestreet.AllGetApis.EventFeedControllerGetApi" name="getAllFeedsForEvent" time="0.0">
    <ignored/>
  </testcase> <!-- getAllFeedsForEvent -->
  <testcase classname="com.ripplestreet.AllGetApis.gameOptionControllerGetApi" name="getGameOptionBySlug" time="0.0">
    <ignored/>
  </testcase> <!-- getGameOptionBySlug -->
  <testcase classname="com.ripplestreet.AllGetApis.WorkFlowTemplateControllerGetApi" name="getListOfWorkFlowTemplates" time="0.0">
    <ignored/>
  </testcase> <!-- getListOfWorkFlowTemplates -->
  <testcase classname="com.ripplestreet.AllGetApis.CommunityControllerGetApi" name="getUserEventParticipationBit" time="0.0">
    <ignored/>
  </testcase> <!-- getUserEventParticipationBit -->
  <testcase classname="com.ripplestreet.AllGetApis.SegmentationDataControllerGetApi" name="GetSegmentsOfaUser" time="0.0">
    <ignored/>
  </testcase> <!-- GetSegmentsOfaUser -->
  <testcase classname="com.ripplestreet.AllGetApis.DraftEventControllerGetApi" name="getDraftEventByEventId" time="0.0">
    <ignored/>
  </testcase> <!-- getDraftEventByEventId -->
  <testcase classname="com.ripplestreet.AllGetApis.MobileAppControllerGetApi" name="GetListOfMyActivities" time="0.0">
    <ignored/>
  </testcase> <!-- GetListOfMyActivities -->
  <testcase classname="com.ripplestreet.AllGetApis.TemplateControllerGetApi" name="GettemplateByTrasactionalType" time="0.0">
    <ignored/>
  </testcase> <!-- GettemplateByTrasactionalType -->
  <testcase classname="com.ripplestreet.AllGetApis.FAQcontrollerGetApi" name="getFAQById" time="0.0">
    <ignored/>
  </testcase> <!-- getFAQById -->
  <testcase classname="com.ripplestreet.AllGetApis.MarketingGoalsControllerGetApi" name="getMarketingGoalsForEvent" time="0.0">
    <ignored/>
  </testcase> <!-- getMarketingGoalsForEvent -->
  <testcase classname="com.ripplestreet.AllGetApis.AudienceSearchControllerGetApi" name="searchableFields" time="0.0">
    <ignored/>
  </testcase> <!-- searchableFields -->
  <testcase classname="com.ripplestreet.AllGetApis.FAQcontrollerGetApi" name="FAQTopicByID" time="0.0">
    <ignored/>
  </testcase> <!-- FAQTopicByID -->
  <testcase classname="com.ripplestreet.AllGetApis.SocialShareControllerGetApi" name="getAllReviews" time="0.0">
    <ignored/>
  </testcase> <!-- getAllReviews -->
  <testcase classname="com.ripplestreet.AllGetApis.SurveyControllerGetApi" name="getSurveyStatusByEventIdAndPid" time="0.0">
    <ignored/>
  </testcase> <!-- getSurveyStatusByEventIdAndPid -->
  <testcase classname="com.ripplestreet.AllGetApis.RewardDeliveryControllerGetApi" name="getRewardDeleverie" time="0.0">
    <ignored/>
  </testcase> <!-- getRewardDeleverie -->
  <testcase classname="com.ripplestreet.AllGetApis.EventControllerGetApi" name="getByEventName" time="0.0">
    <ignored/>
  </testcase> <!-- getByEventName -->
  <testcase classname="com.ripplestreet.AllGetApis.TargetsControllerGetApi" name="getAlltargets" time="0.0">
    <ignored/>
  </testcase> <!-- getAlltargets -->
  <testcase classname="com.ripplestreet.AllGetApis.SponserControllerGetApi" name="findSponsorById" time="0.0">
    <ignored/>
  </testcase> <!-- findSponsorById -->
  <testcase classname="com.ripplestreet.AllGetApis.TriggerControllerGetApi" name="getTriggerDefinition" time="0.0">
    <ignored/>
  </testcase> <!-- getTriggerDefinition -->
  <testcase classname="com.ripplestreet.AllGetApis.IteratorGetApi" name="discoverEventsByAllEventType" time="0.0">
    <ignored/>
  </testcase> <!-- discoverEventsByAllEventType -->
  <testcase classname="com.ripplestreet.AllGetApis.MobileCommunityControllerGetApi" name="getAllEventsByUserAndParticipantTypeApplicant" time="0.0">
    <ignored/>
  </testcase> <!-- getAllEventsByUserAndParticipantTypeApplicant -->
  <testcase classname="com.ripplestreet.AllGetApis.SponserControllerGetApi" name="getAllSponsors" time="0.0">
    <ignored/>
  </testcase> <!-- getAllSponsors -->
</testsuite> <!-- Test -->
