<?xml version="1.0" encoding="UTF-8"?>
<!-- Generated by org.testng.reporters.JUnitXMLReporter -->
<testsuite ignored="8" hostname="LAPTOP-MC4R20CB" failures="0" tests="3" name="Test(failed)(failed)" time="7.444" errors="0" timestamp="2023-06-22T14:19:55 IST">
  <testcase classname="com.ripplestreet.AllGetApis.SegmentationDataControllerGetApi" name="GetUserDetailsOfaSegment" time="2.75"/>
  <testcase classname="com.ripplestreet.AllGetApis.SegmentationDataControllerGetApi" name="GetSegmentsOfaUser" time="1.402"/>
  <testcase classname="com.ripplestreet.AllGetApis.UgcControllerGetApi" name="getUgcDetailsByTaskId" time="1.558"/>
  <testcase classname="com.ripplestreet.AllGetApis.UgcControllerGetApi" name="getUgcDetailsById" time="0.0">
    <ignored/>
  </testcase> <!-- getUgcDetailsById -->
  <testcase classname="com.ripplestreet.AllGetApis.SegmentationDataControllerGetApi" name="GetSegmentIdBySegmentName" time="0.0">
    <ignored/>
  </testcase> <!-- GetSegmentIdBySegmentName -->
  <testcase classname="com.ripplestreet.AllGetApis.SegmentationDataControllerGetApi" name="GetUsersOfaSegment" time="0.0">
    <ignored/>
  </testcase> <!-- GetUsersOfaSegment -->
  <testcase classname="com.ripplestreet.AllGetApis.UgcControllerGetApi" name="downloadAsset" time="0.0">
    <ignored/>
  </testcase> <!-- downloadAsset -->
  <testcase classname="com.ripplestreet.AllGetApis.UgcControllerGetApi" name="getImageRecognitionResponse" time="0.0">
    <ignored/>
  </testcase> <!-- getImageRecognitionResponse -->
  <testcase classname="com.ripplestreet.AllGetApis.UgcControllerGetApi" name="downloadAssetByURL" time="0.0">
    <ignored/>
  </testcase> <!-- downloadAssetByURL -->
  <testcase classname="com.ripplestreet.AllGetApis.SegmentationDataControllerGetApi" name="FindIfUserExistInGivenSegment" time="0.0">
    <ignored/>
  </testcase> <!-- FindIfUserExistInGivenSegment -->
  <testcase classname="com.ripplestreet.AllGetApis.UgcControllerGetApi" name="getUserAsset" time="0.0">
    <ignored/>
  </testcase> <!-- getUserAsset -->
</testsuite> <!-- Test(failed)(failed) -->
