<?xml version="1.0" encoding="UTF-8"?>
<testsuite name="Test"
           tests="3"
           failures="1"
           errors="0"
           skipped="0"
           time="3.441">
  <properties />
            <testcase name="StatusCode" time="0.366" classname="com.ripplestreet.AllGetApis.SegmentationFolderControllerGetApi">
                <failure type="java.lang.IllegalArgumentException"
                  message="The maximum length of cell contents (text) is 32767 characters"
              >
<![CDATA[java.lang.IllegalArgumentException: The maximum length of cell contents (text) is 32767 characters
  org.apache.poi.ss.usermodel.CellBase.checkLength(CellBase.java:292)
  org.apache.poi.ss.usermodel.CellBase.setCellValue(CellBase.java:273)
  com.ripplestreet.genricUtilities.genricUtilities.StatusCode(genricUtilities.java:169)
  jdk.internal.reflect.GeneratedMethodAccessor111.invoke(Unknown Source)
  java.base/jdk.internal.reflect.DelegatingMethodAccessorImpl.invoke(DelegatingMethodAccessorImpl.java:43)
  java.base/java.lang.reflect.Method.invoke(Method.java:568)
  org.testng.internal.invokers.MethodInvocationHelper.invokeMethod(MethodInvocationHelper.java:139)
  org.testng.internal.invokers.MethodInvocationHelper.invokeMethodConsideringTimeout(MethodInvocationHelper.java:69)
  org.testng.internal.invokers.ConfigInvoker.invokeConfigurationMethod(ConfigInvoker.java:361)
  org.testng.internal.invokers.ConfigInvoker.invokeConfigurations(ConfigInvoker.java:296)
  org.testng.internal.invokers.TestInvoker.runConfigMethods(TestInvoker.java:823)
  org.testng.internal.invokers.TestInvoker.runAfterConfigurations(TestInvoker.java:792)
  org.testng.internal.invokers.TestInvoker.invokeMethod(TestInvoker.java:768)
  org.testng.internal.invokers.TestInvoker.invokeTestMethod(TestInvoker.java:221)
  org.testng.internal.invokers.MethodRunner.runInSequence(MethodRunner.java:50)
  org.testng.internal.invokers.TestInvoker$MethodInvocationAgent.invoke(TestInvoker.java:969)
  org.testng.internal.invokers.TestInvoker.invokeTestMethods(TestInvoker.java:194)
  org.testng.internal.invokers.TestMethodWorker.invokeTestMethods(TestMethodWorker.java:148)
  org.testng.internal.invokers.TestMethodWorker.run(TestMethodWorker.java:128)
  java.base/java.util.ArrayList.forEach(ArrayList.java:1511)
  org.testng.TestRunner.privateRun(TestRunner.java:829)
  org.testng.TestRunner.run(TestRunner.java:602)
  org.testng.SuiteRunner.runTest(SuiteRunner.java:437)
  org.testng.SuiteRunner.runSequentially(SuiteRunner.java:431)
  org.testng.SuiteRunner.privateRun(SuiteRunner.java:391)
  org.testng.SuiteRunner.run(SuiteRunner.java:330)
  org.testng.SuiteRunnerWorker.runSuite(SuiteRunnerWorker.java:52)
  org.testng.SuiteRunnerWorker.run(SuiteRunnerWorker.java:95)
  org.testng.TestNG.runSuitesSequentially(TestNG.java:1256)
  org.testng.TestNG.runSuitesLocally(TestNG.java:1176)
  org.testng.TestNG.runSuites(TestNG.java:1099)
  org.testng.TestNG.run(TestNG.java:1067)
  org.testng.remote.AbstractRemoteTestNG.run(AbstractRemoteTestNG.java:115)
  org.testng.remote.RemoteTestNG.initAndRun(RemoteTestNG.java:251)
  org.testng.remote.RemoteTestNG.main(RemoteTestNG.java:77)
]]>
      </failure>

          </testcase>
  
  
            <testcase name="getAllSegmentFolder" time="1.449" classname="com.ripplestreet.AllGetApis.SegmentationFolderControllerGetApi" />
                <testcase name="GetSegmentFolderFromCampaignSegment" time="1.626" classname="com.ripplestreet.AllGetApis.SegmentationFolderControllerGetApi" />
      
</testsuite>
