<?xml version="1.0" encoding="UTF-8"?>
<testsuite name="Test"
           tests="2"
           failures="0"
           errors="0"
           skipped="0"
           time="0.957">
  <properties />
  
  
            <testcase name="getListOfAudiencePromotionJobsByEventId" time="0.503" classname="com.ripplestreet.AllGetApis.AudiencePromotionControllerGetApi" />
                <testcase name="getListOfInviteOnlyUsersByEventId" time="0.454" classname="com.ripplestreet.AllGetApis.AudiencePromotionControllerGetApi" />
      
</testsuite>
