<?xml version="1.0" encoding="UTF-8"?>
<testsuite name="Test"
           tests="3"
           failures="0"
           errors="0"
           skipped="0"
           time="4.526">
  <properties />
  
  
            <testcase name="GetListOfAchievementProgramsforAchievementId" time="1.432" classname="com.ripplestreet.AllGetApis.AchievementProgramControllerGetApi" />
                <testcase name="GetAchievementProgram" time="1.562" classname="com.ripplestreet.AllGetApis.AchievementProgramControllerGetApi" />
                <testcase name="GetListofAchievementPrograms" time="1.532" classname="com.ripplestreet.AllGetApis.AchievementProgramControllerGetApi" />
      
</testsuite>
