<?xml version="1.0" encoding="UTF-8"?>
<testsuite name="Test"
           tests="3"
           failures="0"
           errors="0"
           skipped="0"
           time="4.393">
  <properties />
  
  
            <testcase name="getSurveyListByEventIdAndPid" time="1.440" classname="com.ripplestreet.AllGetApis.SurveyControllerGetApi" />
                <testcase name="getAllLinksByEventId" time="1.413" classname="com.ripplestreet.AllGetApis.SurveyControllerGetApi" />
                <testcase name="getSurveyStatusByEventIdAndPid" time="1.540" classname="com.ripplestreet.AllGetApis.SurveyControllerGetApi" />
      
</testsuite>
