<?xml version="1.0" encoding="UTF-8"?>
<testsuite name="Test"
           tests="3"
           failures="0"
           errors="0"
           skipped="0"
           time="4.243">
  <properties />
  
  
            <testcase name="getAllSponsors" time="1.320" classname="com.ripplestreet.AllGetApis.SponserControllerGetApi" />
                <testcase name="findSponsorById" time="1.452" classname="com.ripplestreet.AllGetApis.SponserControllerGetApi" />
                <testcase name="findAllsponsorAssetsbysponsorId" time="1.471" classname="com.ripplestreet.AllGetApis.SponserControllerGetApi" />
      
</testsuite>
