<?xml version="1.0" encoding="UTF-8"?>
<testsuite name="Test"
           tests="5"
           failures="0"
           errors="0"
           skipped="0"
           time="27.445">
  <properties />
  
  
            <testcase name="getReviewFeedByEventId" time="6.351" classname="com.ripplestreet.AllGetApis.EventFeedControllerGetApi" />
                <testcase name="getPhotoFeedByEventId" time="6.244" classname="com.ripplestreet.AllGetApis.EventFeedControllerGetApi" />
                <testcase name="getFeedInfoById" time="1.537" classname="com.ripplestreet.AllGetApis.EventFeedControllerGetApi" />
                <testcase name="getAllFeedsForEvent" time="6.950" classname="com.ripplestreet.AllGetApis.EventFeedControllerGetApi" />
                <testcase name="getCommentFeedByEventId" time="6.363" classname="com.ripplestreet.AllGetApis.EventFeedControllerGetApi" />
      
</testsuite>
