<?xml version="1.0" encoding="UTF-8"?>
<testsuite name="Test"
           tests="6"
           failures="0"
           errors="0"
           skipped="0"
           time="9.183">
  <properties />
  
  
            <testcase name="getRewardCount" time="1.525" classname="com.ripplestreet.AllGetApis.RewardControllerGetApi" />
                <testcase name="searchItems" time="1.532" classname="com.ripplestreet.AllGetApis.RewardControllerGetApi" />
                <testcase name="getReward" time="1.521" classname="com.ripplestreet.AllGetApis.RewardControllerGetApi" />
                <testcase name="getRewardSummaryByEventId" time="1.544" classname="com.ripplestreet.AllGetApis.RewardControllerGetApi" />
                <testcase name="getRewardByName" time="1.536" classname="com.ripplestreet.AllGetApis.RewardControllerGetApi" />
                <testcase name="getAllReward" time="1.525" classname="com.ripplestreet.AllGetApis.RewardControllerGetApi" />
      
</testsuite>
