<?xml version="1.0" encoding="UTF-8"?>
<testsuite name="Test"
           tests="8"
           failures="0"
           errors="0"
           skipped="0"
           time="11.723">
  <properties />
  
  
            <testcase name="FinfAllfavousByEventId" time="1.439" classname="com.ripplestreet.AllGetApis.CreativeControllerGetApi" />
                <testcase name="findHeroPlaylistById" time="1.546" classname="com.ripplestreet.AllGetApis.CreativeControllerGetApi" />
                <testcase name="getFavorByEventIdAndId" time="1.501" classname="com.ripplestreet.AllGetApis.CreativeControllerGetApi" />
                <testcase name="FindHeroplaylistitemById" time="1.430" classname="com.ripplestreet.AllGetApis.CreativeControllerGetApi" />
                <testcase name="findAllHeroPlaylistItemsByPlayListId" time="1.506" classname="com.ripplestreet.AllGetApis.CreativeControllerGetApi" />
                <testcase name="finAllBannerByEventId" time="1.510" classname="com.ripplestreet.AllGetApis.CreativeControllerGetApi" />
                <testcase name="findAllHeroPlaylistByModelId" time="1.518" classname="com.ripplestreet.AllGetApis.CreativeControllerGetApi" />
                <testcase name="getBannerByEventIdandId" time="1.273" classname="com.ripplestreet.AllGetApis.CreativeControllerGetApi" />
      
</testsuite>
