<?xml version="1.0" encoding="UTF-8"?>
<testsuite name="Test"
           tests="4"
           failures="0"
           errors="0"
           skipped="0"
           time="6.379">
  <properties />
  
  
            <testcase name="getRewardDeleverie" time="1.506" classname="com.ripplestreet.AllGetApis.RewardDeliveryControllerGetApi" />
                <testcase name="getAllRewardDeliveriesByPersonId" time="1.824" classname="com.ripplestreet.AllGetApis.RewardDeliveryControllerGetApi" />
                <testcase name="getDeliverySystemAttributeValue" time="1.534" classname="com.ripplestreet.AllGetApis.RewardDeliveryControllerGetApi" />
                <testcase name="getRewardDeleveries" time="1.515" classname="com.ripplestreet.AllGetApis.RewardDeliveryControllerGetApi" />
      
</testsuite>
