<?xml version="1.0" encoding="UTF-8"?>
<testsuite name="Test"
           tests="3"
           failures="0"
           errors="0"
           skipped="0"
           time="4.311">
  <properties />
  
  
            <testcase name="getTriggerInfoByTableNameAndOperation" time="1.543" classname="com.ripplestreet.AllGetApis.TriggerControllerGetApi" />
                <testcase name="GetAllTriggers" time="1.329" classname="com.ripplestreet.AllGetApis.TriggerControllerGetApi" />
                <testcase name="getTriggerDefinition" time="1.439" classname="com.ripplestreet.AllGetApis.TriggerControllerGetApi" />
      
</testsuite>
