<?xml version="1.0" encoding="UTF-8"?>
<testng-results ignored="0" total="1" passed="1" failed="0" skipped="0">
  <reporter-output>
  </reporter-output>
  <suite started-at="2023-06-06T13:07:02 IST" name="Surefire suite" finished-at="2023-06-06T13:07:04 IST" duration-ms="2432">
    <groups>
    </groups>
    <test started-at="2023-06-06T13:07:02 IST" name="Surefire test" finished-at="2023-06-06T13:07:04 IST" duration-ms="2432">
      <class name="RestAssuredAutomation.RestAp.Test_01">
        <test-method signature="test()[pri:0, instance:RestAssuredAutomation.RestAp.Test_01@7a675056]" started-at="2023-06-06T13:07:02 IST" name="test" finished-at="2023-06-06T13:07:04 IST" duration-ms="2406" status="PASS">
          <reporter-output>
          </reporter-output>
        </test-method> <!-- test -->
      </class> <!-- RestAssuredAutomation.RestAp.Test_01 -->
    </test> <!-- Surefire test -->
  </suite> <!-- Surefire suite -->
</testng-results>
