<?xml version="1.0" encoding="UTF-8"?>
<testng-results ignored="0" total="3" passed="3" failed="0" skipped="0">
  <reporter-output>
  </reporter-output>
  <suite started-at="2023-07-07T14:31:37 IST" name="Default suite" finished-at="2023-07-07T14:31:44 IST" duration-ms="7585">
    <groups>
    </groups>
    <test started-at="2023-07-07T14:31:37 IST" name="Default test" finished-at="2023-07-07T14:31:44 IST" duration-ms="7585">
      <class name="com.ripplestreet.AllPutApis.EventDetailControllerPutApi">
        <test-method is-config="true" signature="BaseURI()[pri:0, instance:com.ripplestreet.AllPutApis.EventDetailControllerPutApi@7e057f43]" started-at="2023-07-07T14:31:37 IST" name="BaseURI" finished-at="2023-07-07T14:31:37 IST" duration-ms="357" status="PASS">
          <reporter-output>
          </reporter-output>
        </test-method> <!-- BaseURI -->
        <test-method signature="UpdateEventTarget()[pri:0, instance:com.ripplestreet.AllPutApis.EventDetailControllerPutApi@7e057f43]" started-at="2023-07-07T14:31:37 IST" name="UpdateEventTarget" finished-at="2023-07-07T14:31:41 IST" duration-ms="3311" status="PASS">
          <reporter-output>
          </reporter-output>
        </test-method> <!-- UpdateEventTarget -->
        <test-method is-config="true" signature="StatusCode()[pri:0, instance:com.ripplestreet.AllPutApis.EventDetailControllerPutApi@7e057f43]" started-at="2023-07-07T14:31:41 IST" name="StatusCode" finished-at="2023-07-07T14:31:41 IST" duration-ms="326" status="PASS">
          <reporter-output>
          </reporter-output>
        </test-method> <!-- StatusCode -->
        <test-method signature="addEventBasicDetail()[pri:0, instance:com.ripplestreet.AllPutApis.EventDetailControllerPutApi@7e057f43]" started-at="2023-07-07T14:31:41 IST" name="addEventBasicDetail" finished-at="2023-07-07T14:31:43 IST" duration-ms="1671" status="PASS">
          <reporter-output>
          </reporter-output>
        </test-method> <!-- addEventBasicDetail -->
        <test-method is-config="true" signature="BaseURI()[pri:0, instance:com.ripplestreet.AllPutApis.EventDetailControllerPutApi@7e057f43]" started-at="2023-07-07T14:31:41 IST" name="BaseURI" finished-at="2023-07-07T14:31:41 IST" duration-ms="0" status="PASS">
          <reporter-output>
          </reporter-output>
        </test-method> <!-- BaseURI -->
        <test-method is-config="true" signature="StatusCode()[pri:0, instance:com.ripplestreet.AllPutApis.EventDetailControllerPutApi@7e057f43]" started-at="2023-07-07T14:31:43 IST" name="StatusCode" finished-at="2023-07-07T14:31:43 IST" duration-ms="156" status="PASS">
          <reporter-output>
          </reporter-output>
        </test-method> <!-- StatusCode -->
        <test-method signature="updateeventEventMileStones()[pri:0, instance:com.ripplestreet.AllPutApis.EventDetailControllerPutApi@7e057f43]" started-at="2023-07-07T14:31:43 IST" name="updateeventEventMileStones" finished-at="2023-07-07T14:31:44 IST" duration-ms="1586" status="PASS">
          <reporter-output>
          </reporter-output>
        </test-method> <!-- updateeventEventMileStones -->
        <test-method is-config="true" signature="BaseURI()[pri:0, instance:com.ripplestreet.AllPutApis.EventDetailControllerPutApi@7e057f43]" started-at="2023-07-07T14:31:43 IST" name="BaseURI" finished-at="2023-07-07T14:31:43 IST" duration-ms="0" status="PASS">
          <reporter-output>
          </reporter-output>
        </test-method> <!-- BaseURI -->
        <test-method is-config="true" signature="StatusCode()[pri:0, instance:com.ripplestreet.AllPutApis.EventDetailControllerPutApi@7e057f43]" started-at="2023-07-07T14:31:44 IST" name="StatusCode" finished-at="2023-07-07T14:31:44 IST" duration-ms="117" status="PASS">
          <reporter-output>
          </reporter-output>
        </test-method> <!-- StatusCode -->
      </class> <!-- com.ripplestreet.AllPutApis.EventDetailControllerPutApi -->
    </test> <!-- Default test -->
  </suite> <!-- Default suite -->
</testng-results>
