<?xml version="1.0" encoding="UTF-8"?>
<testng-results ignored="0" total="1" passed="1" failed="0" skipped="0">
  <reporter-output>
  </reporter-output>
  <suite started-at="2023-06-12T16:08:56 IST" name="Default suite" finished-at="2023-06-12T16:08:57 IST" duration-ms="1088">
    <groups>
    </groups>
    <test started-at="2023-06-12T16:08:56 IST" name="Default test" finished-at="2023-06-12T16:08:57 IST" duration-ms="1088">
      <class name="RestAssuredAutomation.readDtafromExcel.ReadDatafromExcel">
        <test-method signature="test()[pri:0, instance:RestAssuredAutomation.readDtafromExcel.ReadDatafromExcel@14555e0a]" started-at="2023-06-12T16:08:56 IST" name="test" finished-at="2023-06-12T16:08:57 IST" duration-ms="1033" status="PASS">
          <reporter-output>
          </reporter-output>
        </test-method> <!-- test -->
      </class> <!-- RestAssuredAutomation.readDtafromExcel.ReadDatafromExcel -->
    </test> <!-- Default test -->
  </suite> <!-- Default suite -->
</testng-results>
