<?xml version="1.0" encoding="UTF-8"?>
<testsuite name="Test"
           tests="3"
           failures="0"
           errors="0"
           skipped="0"
           time="4.559">
  <properties />
  
  
            <testcase name="getSegmentDefinitionById" time="1.515" classname="com.ripplestreet.AllGetApis.SegmentationDefinitionControllerVersion2" />
                <testcase name="getGetSegmentDefinitionByFolderIdAndSegmentId" time="1.543" classname="com.ripplestreet.AllGetApis.SegmentationDefinitionControllerVersion2" />
                <testcase name="getAllSegments" time="1.501" classname="com.ripplestreet.AllGetApis.SegmentationDefinitionControllerVersion2" />
      
</testsuite>
