<?xml version="1.0" encoding="UTF-8"?>
<testsuite name="Test"
           tests="3"
           failures="0"
           errors="0"
           skipped="0"
           time="4.386">
  <properties />
  
  
            <testcase name="GetRewardCountByEventIdAndPreferenceforPerson" time="1.321" classname="com.ripplestreet.AllGetApis.OptInsControllerGetApi" />
                <testcase name="getOptInById" time="1.528" classname="com.ripplestreet.AllGetApis.OptInsControllerGetApi" />
                <testcase name="getListOptInByEventId" time="1.537" classname="com.ripplestreet.AllGetApis.OptInsControllerGetApi" />
      
</testsuite>
