<?xml version="1.0" encoding="UTF-8"?>
<testsuite name="Test"
           tests="7"
           failures="0"
           errors="0"
           skipped="0"
           time="10.260">
  <properties />
  
  
            <testcase name="getFAQById" time="1.329" classname="com.ripplestreet.AllGetApis.FAQcontrollerGetApi" />
                <testcase name="getFAQTopicitemsById" time="1.396" classname="com.ripplestreet.AllGetApis.FAQcontrollerGetApi" />
                <testcase name="getlistofFaqTopicbyFaqId" time="1.655" classname="com.ripplestreet.AllGetApis.FAQcontrollerGetApi" />
                <testcase name="FAQTopicByID" time="1.533" classname="com.ripplestreet.AllGetApis.FAQcontrollerGetApi" />
                <testcase name="getFAQbyEventId" time="1.381" classname="com.ripplestreet.AllGetApis.FAQcontrollerGetApi" />
                <testcase name="GetlistofFaqTopicItemsbyFaqTopicId" time="1.493" classname="com.ripplestreet.AllGetApis.FAQcontrollerGetApi" />
                <testcase name="GetFAQDetailByEventIdforCommunity" time="1.473" classname="com.ripplestreet.AllGetApis.FAQcontrollerGetApi" />
      
</testsuite>
