<?xml version="1.0" encoding="UTF-8"?>
<testsuite name="Test"
           tests="5"
           failures="0"
           errors="0"
           skipped="0"
           time="7.645">
  <properties />
  
  
            <testcase name="FindIfUserExistInGivenSegment" time="1.537" classname="com.ripplestreet.AllGetApis.SegmentationDataControllerGetApi" />
                <testcase name="GetUsersOfaSegment" time="1.525" classname="com.ripplestreet.AllGetApis.SegmentationDataControllerGetApi" />
                <testcase name="GetSegmentsOfaUser" time="1.529" classname="com.ripplestreet.AllGetApis.SegmentationDataControllerGetApi" />
                <testcase name="GetUserDetailsOfaSegment" time="1.528" classname="com.ripplestreet.AllGetApis.SegmentationDataControllerGetApi" />
                <testcase name="GetSegmentIdBySegmentName" time="1.526" classname="com.ripplestreet.AllGetApis.SegmentationDataControllerGetApi" />
      
</testsuite>
