<?xml version="1.0" encoding="UTF-8"?>
<testng-results ignored="0" total="4" passed="4" failed="0" skipped="0">
  <reporter-output>
  </reporter-output>
  <suite started-at="2023-07-06T15:14:17 IST" name="Default suite" finished-at="2023-07-06T15:14:27 IST" duration-ms="9522">
    <groups>
    </groups>
    <test started-at="2023-07-06T15:14:17 IST" name="Default test" finished-at="2023-07-06T15:14:27 IST" duration-ms="9522">
      <class name="com.ripplestreet.AllPutApis.CreativeControllerPutApi">
        <test-method is-config="true" signature="BaseURI()[pri:0, instance:com.ripplestreet.AllPutApis.CreativeControllerPutApi@5890e879]" started-at="2023-07-06T15:14:17 IST" name="BaseURI" finished-at="2023-07-06T15:14:17 IST" duration-ms="399" status="PASS">
          <reporter-output>
          </reporter-output>
        </test-method> <!-- BaseURI -->
        <test-method signature="ReOrganizeHeroPlayListItems()[pri:0, instance:com.ripplestreet.AllPutApis.CreativeControllerPutApi@5890e879]" started-at="2023-07-06T15:14:17 IST" name="ReOrganizeHeroPlayListItems" finished-at="2023-07-06T15:14:21 IST" duration-ms="3573" status="PASS">
          <reporter-output>
          </reporter-output>
        </test-method> <!-- ReOrganizeHeroPlayListItems -->
        <test-method is-config="true" signature="StatusCode()[pri:0, instance:com.ripplestreet.AllPutApis.CreativeControllerPutApi@5890e879]" started-at="2023-07-06T15:14:21 IST" name="StatusCode" finished-at="2023-07-06T15:14:21 IST" duration-ms="345" status="PASS">
          <reporter-output>
          </reporter-output>
        </test-method> <!-- StatusCode -->
        <test-method is-config="true" signature="BaseURI()[pri:0, instance:com.ripplestreet.AllPutApis.CreativeControllerPutApi@5890e879]" started-at="2023-07-06T15:14:21 IST" name="BaseURI" finished-at="2023-07-06T15:14:21 IST" duration-ms="1" status="PASS">
          <reporter-output>
          </reporter-output>
        </test-method> <!-- BaseURI -->
        <test-method signature="UpdateHeroPlayListItems()[pri:0, instance:com.ripplestreet.AllPutApis.CreativeControllerPutApi@5890e879]" started-at="2023-07-06T15:14:21 IST" name="UpdateHeroPlayListItems" finished-at="2023-07-06T15:14:23 IST" duration-ms="1655" status="PASS">
          <reporter-output>
          </reporter-output>
        </test-method> <!-- UpdateHeroPlayListItems -->
        <test-method is-config="true" signature="StatusCode()[pri:0, instance:com.ripplestreet.AllPutApis.CreativeControllerPutApi@5890e879]" started-at="2023-07-06T15:14:23 IST" name="StatusCode" finished-at="2023-07-06T15:14:23 IST" duration-ms="157" status="PASS">
          <reporter-output>
          </reporter-output>
        </test-method> <!-- StatusCode -->
        <test-method signature="reOrganizeFavors()[pri:0, instance:com.ripplestreet.AllPutApis.CreativeControllerPutApi@5890e879]" started-at="2023-07-06T15:14:23 IST" name="reOrganizeFavors" finished-at="2023-07-06T15:14:25 IST" duration-ms="1474" status="PASS">
          <reporter-output>
          </reporter-output>
        </test-method> <!-- reOrganizeFavors -->
        <test-method is-config="true" signature="BaseURI()[pri:0, instance:com.ripplestreet.AllPutApis.CreativeControllerPutApi@5890e879]" started-at="2023-07-06T15:14:23 IST" name="BaseURI" finished-at="2023-07-06T15:14:23 IST" duration-ms="0" status="PASS">
          <reporter-output>
          </reporter-output>
        </test-method> <!-- BaseURI -->
        <test-method is-config="true" signature="StatusCode()[pri:0, instance:com.ripplestreet.AllPutApis.CreativeControllerPutApi@5890e879]" started-at="2023-07-06T15:14:25 IST" name="StatusCode" finished-at="2023-07-06T15:14:25 IST" duration-ms="135" status="PASS">
          <reporter-output>
          </reporter-output>
        </test-method> <!-- StatusCode -->
        <test-method signature="updateFavors()[pri:0, instance:com.ripplestreet.AllPutApis.CreativeControllerPutApi@5890e879]" started-at="2023-07-06T15:14:25 IST" name="updateFavors" finished-at="2023-07-06T15:14:26 IST" duration-ms="1606" status="PASS">
          <reporter-output>
          </reporter-output>
        </test-method> <!-- updateFavors -->
        <test-method is-config="true" signature="BaseURI()[pri:0, instance:com.ripplestreet.AllPutApis.CreativeControllerPutApi@5890e879]" started-at="2023-07-06T15:14:25 IST" name="BaseURI" finished-at="2023-07-06T15:14:25 IST" duration-ms="0" status="PASS">
          <reporter-output>
          </reporter-output>
        </test-method> <!-- BaseURI -->
        <test-method is-config="true" signature="StatusCode()[pri:0, instance:com.ripplestreet.AllPutApis.CreativeControllerPutApi@5890e879]" started-at="2023-07-06T15:14:26 IST" name="StatusCode" finished-at="2023-07-06T15:14:27 IST" duration-ms="114" status="PASS">
          <reporter-output>
          </reporter-output>
        </test-method> <!-- StatusCode -->
      </class> <!-- com.ripplestreet.AllPutApis.CreativeControllerPutApi -->
    </test> <!-- Default test -->
  </suite> <!-- Default suite -->
</testng-results>
