<?xml version="1.0" encoding="UTF-8"?>
<testsuite name="Test"
           tests="16"
           failures="0"
           errors="0"
           skipped="0"
           time="23.489">
  <properties />
  
  
            <testcase name="getAllMileStonesByEvent" time="1.383" classname="com.ripplestreet.AllGetApis.EventControllerGetApi" />
                <testcase name="getAllEvents" time="1.449" classname="com.ripplestreet.AllGetApis.EventControllerGetApi" />
                <testcase name="getAllSubscriptionsByEvent" time="1.516" classname="com.ripplestreet.AllGetApis.EventControllerGetApi" />
                <testcase name="getAllCurrentMileStoneByEvent" time="1.468" classname="com.ripplestreet.AllGetApis.EventControllerGetApi" />
                <testcase name="getEventMileStoneByIdAndDate" time="1.533" classname="com.ripplestreet.AllGetApis.EventControllerGetApi" />
                <testcase name="getAllSubscriptionsByServiceName" time="1.315" classname="com.ripplestreet.AllGetApis.EventControllerGetApi" />
                <testcase name="getAllServices" time="1.538" classname="com.ripplestreet.AllGetApis.EventControllerGetApi" />
                <testcase name="getEventDetailBySlug" time="1.545" classname="com.ripplestreet.AllGetApis.EventControllerGetApi" />
                <testcase name="getByEventName" time="1.324" classname="com.ripplestreet.AllGetApis.EventControllerGetApi" />
                <testcase name="getAllProductByEvents" time="1.391" classname="com.ripplestreet.AllGetApis.EventControllerGetApi" />
                <testcase name="getEventDetailForWorkFlow" time="1.539" classname="com.ripplestreet.AllGetApis.EventControllerGetApi" />
                <testcase name="getCurrentMileStonesByEvent" time="1.539" classname="com.ripplestreet.AllGetApis.EventControllerGetApi" />
                <testcase name="getProductDetailEventIdAndProductId" time="1.451" classname="com.ripplestreet.AllGetApis.EventControllerGetApi" />
                <testcase name="getEventById" time="1.412" classname="com.ripplestreet.AllGetApis.EventControllerGetApi" />
                <testcase name="getFilteredEvents" time="1.534" classname="com.ripplestreet.AllGetApis.EventControllerGetApi" />
                <testcase name="getpackAndApplicationCountByEventId" time="1.552" classname="com.ripplestreet.AllGetApis.EventControllerGetApi" />
      
</testsuite>
