<?xml version="1.0" encoding="UTF-8"?>
<testsuite name="Test"
           tests="3"
           failures="0"
           errors="0"
           skipped="0"
           time="7.138">
  <properties />
  
  
            <testcase name="updateComment" time="3.885" classname="com.ripplestreet.AllPutApis.EventControllerPutApi" />
                <testcase name="updateEventPacksCount" time="1.618" classname="com.ripplestreet.AllPutApis.EventControllerPutApi" />
                <testcase name="updateEventSubscriptions" time="1.635" classname="com.ripplestreet.AllPutApis.EventControllerPutApi" />
      
</testsuite>
