<?xml version="1.0" encoding="UTF-8"?>
<testsuite name="Test"
           tests="7"
           failures="0"
           errors="0"
           skipped="0"
           time="11.093">
  <properties />
  
  
            <testcase name="AllEmailList" time="2.140" classname="com.ripplestreet.AllGetApis.TemplateControllerGetApi" />
                <testcase name="DownloadCSVLoader" time="1.513" classname="com.ripplestreet.AllGetApis.TemplateControllerGetApi" />
                <testcase name="template" time="1.318" classname="com.ripplestreet.AllGetApis.TemplateControllerGetApi" />
                <testcase name="PreviewTemplateContent" time="1.591" classname="com.ripplestreet.AllGetApis.TemplateControllerGetApi" />
                <testcase name="GettemplateByTrasactionalType" time="1.566" classname="com.ripplestreet.AllGetApis.TemplateControllerGetApi" />
                <testcase name="getTransactionalTemplateById" time="1.462" classname="com.ripplestreet.AllGetApis.TemplateControllerGetApi" />
                <testcase name="GetTemplateListByTransactionalTypeAndEventId" time="1.503" classname="com.ripplestreet.AllGetApis.TemplateControllerGetApi" />
      
</testsuite>
