<?xml version="1.0" encoding="UTF-8"?>
<testsuite name="Test"
           tests="2"
           failures="0"
           errors="0"
           skipped="0"
           time="1.169">
  <properties />
  
  
            <testcase name="getListOfAllocationTransientRecordByEventId" time="0.606" classname="com.ripplestreet.AllGetApis.OptinInflightActivationControllerGetApi" />
                <testcase name="getAllocationTransientRecordByEventIdAndPersonId" time="0.563" classname="com.ripplestreet.AllGetApis.OptinInflightActivationControllerGetApi" />
      
</testsuite>
