<?xml version="1.0" encoding="UTF-8"?>
<testsuite name="Test(failed)"
           tests="4"
           failures="0"
           errors="0"
           skipped="0"
           time="6.428">
  <properties />
  
  
            <testcase name="getImageRecognitionResponse" time="1.854" classname="com.ripplestreet.AllGetApis.UgcControllerGetApi" />
                <testcase name="getUgcDetailsByTaskId" time="1.673" classname="com.ripplestreet.AllGetApis.UgcControllerGetApi" />
                <testcase name="getUgcDetailsById" time="1.525" classname="com.ripplestreet.AllGetApis.UgcControllerGetApi" />
                <testcase name="downloadAssetByURL" time="1.376" classname="com.ripplestreet.AllGetApis.UgcControllerGetApi" />
      
</testsuite>
