<?xml version="1.0" encoding="UTF-8"?>
<testsuite name="Test"
           tests="6"
           failures="0"
           errors="0"
           skipped="0"
           time="9.885">
  <properties />
  
  
            <testcase name="isEmailExistInSuppressionList" time="1.530" classname="com.ripplestreet.AllGetApis.NotificationControllerGetApi" />
                <testcase name="SearchCampaignforNotification" time="1.730" classname="com.ripplestreet.AllGetApis.NotificationControllerGetApi" />
                <testcase name="GetKPIMatrixByCampaignId" time="2.383" classname="com.ripplestreet.AllGetApis.NotificationControllerGetApi" />
                <testcase name="GetCampaignByNotificationId" time="1.504" classname="com.ripplestreet.AllGetApis.NotificationControllerGetApi" />
                <testcase name="getAllNotification" time="1.465" classname="com.ripplestreet.AllGetApis.NotificationControllerGetApi" />
                <testcase name="GetStatusByNotificationId" time="1.273" classname="com.ripplestreet.AllGetApis.NotificationControllerGetApi" />
      
</testsuite>
