<?xml version="1.0" encoding="UTF-8"?>
<testsuite name="Test"
           tests="9"
           failures="0"
           errors="0"
           skipped="0"
           time="24.783">
  <properties />
  
  
            <testcase name="getUserParticipationBits" time="1.334" classname="com.ripplestreet.AllGetApis.CommunityControllerGetApi" />
                <testcase name="GettingDetailOfHeadHostByPersonId" time="1.545" classname="com.ripplestreet.AllGetApis.CommunityControllerGetApi" />
                <testcase name="getAllUsersByEventAndParticipantType" time="1.555" classname="com.ripplestreet.AllGetApis.CommunityControllerGetApi" />
                <testcase name="getUserProfile" time="1.460" classname="com.ripplestreet.AllGetApis.CommunityControllerGetApi" />
                <testcase name="getUserEventParticipationBit" time="1.554" classname="com.ripplestreet.AllGetApis.CommunityControllerGetApi" />
                <testcase name="getUserListByFilters" time="12.794" classname="com.ripplestreet.AllGetApis.CommunityControllerGetApi" />
                <testcase name="getUserDetails" time="1.543" classname="com.ripplestreet.AllGetApis.CommunityControllerGetApi" />
                <testcase name="getAllAddressEntriesByPersonId" time="1.467" classname="com.ripplestreet.AllGetApis.CommunityControllerGetApi" />
                <testcase name="getAllEventsByUserAndParticipantType" time="1.531" classname="com.ripplestreet.AllGetApis.CommunityControllerGetApi" />
      
</testsuite>
