<?xml version="1.0" encoding="UTF-8"?>
<testsuite name="Test"
           tests="3"
           failures="0"
           errors="0"
           skipped="0"
           time="4.644">
  <properties />
  
  
            <testcase name="GetListofAchievementsforTriggerId" time="1.320" classname="com.ripplestreet.AllGetApis.AchievementControllerGetApi" />
                <testcase name="getAchivements" time="1.501" classname="com.ripplestreet.AllGetApis.AchievementControllerGetApi" />
                <testcase name="GetListofAchievements" time="1.823" classname="com.ripplestreet.AllGetApis.AchievementControllerGetApi" />
      
</testsuite>
